Kernel command line: -q -f put dir-vine put tar run dir-vine
0 ~ 9fc00 1
100000 ~ 13e0000 1
Pintos booting with: 
	base_mem: 0x0 ~ 0x9fc00 (Usable: 639 kB)
	ext_mem: 0x100000 ~ 0x13e0000 (Usable: 19,328 kB)
Calibrating timer...  157081600 loops/s.
hd0:0: detected 353 sector (176 kB) disk, model "QEMU HARDDISK", serial "QM00001"
hd0:1: detected 4,032 sector (1 MB) disk, model "QEMU HARDDISK", serial "QM00002"
hd1:0: detected 230 sector (115 kB) disk, model "QEMU HARDDISK", serial "QM00003"
hd1:1: detected 8,064 sector (3 MB) disk, model "QEMU HARDDISK", serial "QM00004"
Formatting file system...done.
Boot complete.
Putting 'dir-vine' into the file system...
Putting 'tar' into the file system...
Executing 'dir-vine':
(dir-vine) begin
(dir-vine) creating many levels of files and directories...
(dir-vine) removing all but top 10 levels of files and directories...
(dir-vine) end
dir-vine: exit(0)
Execution of 'dir-vine' complete.
Timer: 4086 ticks
Thread: 30 idle ticks, 35 kernel ticks, 4021 user ticks
hd0:0: 0 reads, 0 writes
hd0:1: 139135 reads, 15534 writes
hd1:0: 230 reads, 0 writes
hd1:1: 0 reads, 0 writes
Console: 1124 characters output
Keyboard: 0 keys pressed
Exception: 0 page faults
Powering off...
