Kernel command line: -q -f put dir-mkdir put tar run dir-mkdir
0 ~ 9fc00 1
100000 ~ 13e0000 1
Pintos booting with: 
	base_mem: 0x0 ~ 0x9fc00 (Usable: 639 kB)
	ext_mem: 0x100000 ~ 0x13e0000 (Usable: 19,328 kB)
Calibrating timer...  157081600 loops/s.
hd0:0: detected 353 sector (176 kB) disk, model "QEMU HARDDISK", serial "QM00001"
hd0:1: detected 4,032 sector (1 MB) disk, model "QEMU HARDDISK", serial "QM00002"
hd1:0: detected 223 sector (111 kB) disk, model "QEMU HARDDISK", serial "QM00003"
hd1:1: detected 8,064 sector (3 MB) disk, model "QEMU HARDDISK", serial "QM00004"
Formatting file system...done.
Boot complete.
Putting 'dir-mkdir' into the file system...
Putting 'tar' into the file system...
Executing 'dir-mkdir':
(dir-mkdir) begin
(dir-mkdir) mkdir "a"
(dir-mkdir) create "a/b"
(dir-mkdir) chdir "a"
(dir-mkdir) open "b"
(dir-mkdir) end
dir-mkdir: exit(0)
Execution of 'dir-mkdir' complete.
Timer: 72 ticks
Thread: 29 idle ticks, 37 kernel ticks, 6 user ticks
hd0:0: 0 reads, 0 writes
hd0:1: 272 reads, 528 writes
hd1:0: 223 reads, 0 writes
hd1:1: 0 reads, 0 writes
Console: 1082 characters output
Keyboard: 0 keys pressed
Exception: 0 page faults
Powering off...
