Kernel command line: -q -f put dir-rm-cwd put tar run dir-rm-cwd
0 ~ 9fc00 1
100000 ~ 13e0000 1
Pintos booting with: 
	base_mem: 0x0 ~ 0x9fc00 (Usable: 639 kB)
	ext_mem: 0x100000 ~ 0x13e0000 (Usable: 19,328 kB)
Calibrating timer...  157081600 loops/s.
hd0:0: detected 353 sector (176 kB) disk, model "QEMU HARDDISK", serial "QM00001"
hd0:1: detected 4,032 sector (1 MB) disk, model "QEMU HARDDISK", serial "QM00002"
hd1:0: detected 231 sector (115 kB) disk, model "QEMU HARDDISK", serial "QM00003"
hd1:1: detected 8,064 sector (3 MB) disk, model "QEMU HARDDISK", serial "QM00004"
Formatting file system...done.
Boot complete.
Putting 'dir-rm-cwd' into the file system...
Putting 'tar' into the file system...
Executing 'dir-rm-cwd':
(dir-rm-cwd) begin
(dir-rm-cwd) open "/"
(dir-rm-cwd) mkdir "a"
(dir-rm-cwd) open "/a"
(dir-rm-cwd) verify "/a" is empty
(dir-rm-cwd) "/" and "/a" must have different inumbers
(dir-rm-cwd) chdir "a"
(dir-rm-cwd) try to remove "/a"
(dir-rm-cwd) remove successful
(dir-rm-cwd) open "/a" (must fail)
(dir-rm-cwd) open "." (must fail)
(dir-rm-cwd) open ".." (must fail)
(dir-rm-cwd) create "x" (must fail)
(dir-rm-cwd) verify "/a" is empty
(dir-rm-cwd) end
dir-rm-cwd: exit(0)
Execution of 'dir-rm-cwd' complete.
Timer: 74 ticks
Thread: 30 idle ticks, 34 kernel ticks, 10 user ticks
hd0:0: 0 reads, 0 writes
hd0:1: 312 reads, 540 writes
hd1:0: 231 reads, 0 writes
hd1:1: 0 reads, 0 writes
Console: 1418 characters output
Keyboard: 0 keys pressed
Exception: 0 page faults
Powering off...
