Kernel command line: -q -f put dir-rmdir put tar run dir-rmdir
0 ~ 9fc00 1
100000 ~ 13e0000 1
Pintos booting with: 
	base_mem: 0x0 ~ 0x9fc00 (Usable: 639 kB)
	ext_mem: 0x100000 ~ 0x13e0000 (Usable: 19,328 kB)
Calibrating timer...  157081600 loops/s.
hd0:0: detected 353 sector (176 kB) disk, model "QEMU HARDDISK", serial "QM00001"
hd0:1: detected 4,032 sector (1 MB) disk, model "QEMU HARDDISK", serial "QM00002"
hd1:0: detected 223 sector (111 kB) disk, model "QEMU HARDDISK", serial "QM00003"
hd1:1: detected 8,064 sector (3 MB) disk, model "QEMU HARDDISK", serial "QM00004"
Formatting file system...done.
Boot complete.
Putting 'dir-rmdir' into the file system...
Putting 'tar' into the file system...
Executing 'dir-rmdir':
(dir-rmdir) begin
(dir-rmdir) mkdir "a"
(dir-rmdir) rmdir "a"
(dir-rmdir) chdir "a" (must return false)
(dir-rmdir) end
dir-rmdir: exit(0)
Execution of 'dir-rmdir' complete.
Timer: 70 ticks
Thread: 30 idle ticks, 33 kernel ticks, 7 user ticks
hd0:0: 0 reads, 0 writes
hd0:1: 280 reads, 525 writes
hd1:0: 223 reads, 0 writes
hd1:1: 0 reads, 0 writes
Console: 1078 characters output
Keyboard: 0 keys pressed
Exception: 0 page faults
Powering off...
