Kernel command line: -q -f put dir-rm-root put tar run dir-rm-root
0 ~ 9fc00 1
100000 ~ 13e0000 1
Pintos booting with: 
	base_mem: 0x0 ~ 0x9fc00 (Usable: 639 kB)
	ext_mem: 0x100000 ~ 0x13e0000 (Usable: 19,328 kB)
Calibrating timer...  157081600 loops/s.
hd0:0: detected 353 sector (176 kB) disk, model "QEMU HARDDISK", serial "QM00001"
hd0:1: detected 4,032 sector (1 MB) disk, model "QEMU HARDDISK", serial "QM00002"
hd1:0: detected 223 sector (111 kB) disk, model "QEMU HARDDISK", serial "QM00003"
hd1:1: detected 8,064 sector (3 MB) disk, model "QEMU HARDDISK", serial "QM00004"
Formatting file system...done.
Boot complete.
Putting 'dir-rm-root' into the file system...
Putting 'tar' into the file system...
Executing 'dir-rm-root':
(dir-rm-root) begin
(dir-rm-root) remove "/" (must fail)
(dir-rm-root) create "/a"
(dir-rm-root) end
dir-rm-root: exit(0)
Execution of 'dir-rm-root' complete.
Timer: 68 ticks
Thread: 30 idle ticks, 34 kernel ticks, 4 user ticks
hd0:0: 0 reads, 0 writes
hd0:1: 197 reads, 520 writes
hd1:0: 223 reads, 0 writes
hd1:1: 0 reads, 0 writes
Console: 1071 characters output
Keyboard: 0 keys pressed
Exception: 0 page faults
Powering off...
