Kernel command line: -q run 'tar fs.tar /' get fs.tar
0 ~ 9fc00 1
100000 ~ ffe0000 1
Pintos booting with: 
	base_mem: 0x0 ~ 0x9fc00 (Usable: 639 kB)
	ext_mem: 0x100000 ~ 0xffe0000 (Usable: 260,992 kB)
Calibrating timer...  157081600 loops/s.
hd0:0: detected 353 sector (176 kB) disk, model "QEMU HARDDISK", serial "QM00001"
hd0:1: detected 4,032 sector (1 MB) disk, model "QEMU HARDDISK", serial "QM00002"
hd1:0: detected 2,048 sector (1024 kB) disk, model "QEMU HARDDISK", serial "QM00003"
hd1:1: detected 8,064 sector (3 MB) disk, model "QEMU HARDDISK", serial "QM00004"
Boot complete.
Executing 'tar fs.tar /':
tar: exit(0)
Execution of 'tar' complete.
Getting 'fs.tar' from the file system...
Timer: 69 ticks
Thread: 30 idle ticks, 29 kernel ticks, 11 user ticks
hd0:0: 0 reads, 0 writes
hd0:1: 616 reads, 273 writes
hd1:0: 0 reads, 235 writes
hd1:1: 0 reads, 0 writes
Console: 873 characters output
Keyboard: 0 keys pressed
Exception: 0 page faults
Powering off...
