Kernel command line: -q -f put grow-seq-sm put tar run grow-seq-sm
0 ~ 9fc00 1
100000 ~ 13e0000 1
Pintos booting with: 
	base_mem: 0x0 ~ 0x9fc00 (Usable: 639 kB)
	ext_mem: 0x100000 ~ 0x13e0000 (Usable: 19,328 kB)
Calibrating timer...  157081600 loops/s.
hd0:0: detected 353 sector (176 kB) disk, model "QEMU HARDDISK", serial "QM00001"
hd0:1: detected 4,032 sector (1 MB) disk, model "QEMU HARDDISK", serial "QM00002"
hd1:0: detected 223 sector (111 kB) disk, model "QEMU HARDDISK", serial "QM00003"
hd1:1: detected 8,064 sector (3 MB) disk, model "QEMU HARDDISK", serial "QM00004"
Formatting file system...done.
Boot complete.
Putting 'grow-seq-sm' into the file system...
Putting 'tar' into the file system...
Executing 'grow-seq-sm':
(grow-seq-sm) begin
(grow-seq-sm) create "testme"
(grow-seq-sm) open "testme"
(grow-seq-sm) writing "testme"
(grow-seq-sm) close "testme"
(grow-seq-sm) open "testme" for verification
(grow-seq-sm) verified contents of "testme"
(grow-seq-sm) close "testme"
(grow-seq-sm) end
grow-seq-sm: exit(0)
Execution of 'grow-seq-sm' complete.
Timer: 70 ticks
Thread: 30 idle ticks, 35 kernel ticks, 5 user ticks
hd0:0: 0 reads, 0 writes
hd0:1: 226 reads, 538 writes
hd1:0: 223 reads, 0 writes
hd1:1: 0 reads, 0 writes
Console: 1244 characters output
Keyboard: 0 keys pressed
Exception: 0 page faults
Powering off...
