Kernel command line: -q -f put grow-root-sm put tar run grow-root-sm
0 ~ 9fc00 1
100000 ~ 13e0000 1
Pintos booting with: 
	base_mem: 0x0 ~ 0x9fc00 (Usable: 639 kB)
	ext_mem: 0x100000 ~ 0x13e0000 (Usable: 19,328 kB)
Calibrating timer...  157081600 loops/s.
hd0:0: detected 353 sector (176 kB) disk, model "QEMU HARDDISK", serial "QM00001"
hd0:1: detected 4,032 sector (1 MB) disk, model "QEMU HARDDISK", serial "QM00002"
hd1:0: detected 224 sector (112 kB) disk, model "QEMU HARDDISK", serial "QM00003"
hd1:1: detected 8,064 sector (3 MB) disk, model "QEMU HARDDISK", serial "QM00004"
Formatting file system...done.
Boot complete.
Putting 'grow-root-sm' into the file system...
Putting 'tar' into the file system...
Executing 'grow-root-sm':
(grow-root-sm) begin
(grow-root-sm) creating and checking "file0"
(grow-root-sm) creating and checking "file1"
(grow-root-sm) creating and checking "file2"
(grow-root-sm) creating and checking "file3"
(grow-root-sm) creating and checking "file4"
(grow-root-sm) creating and checking "file5"
(grow-root-sm) creating and checking "file6"
(grow-root-sm) creating and checking "file7"
(grow-root-sm) creating and checking "file8"
(grow-root-sm) creating and checking "file9"
(grow-root-sm) creating and checking "file10"
(grow-root-sm) creating and checking "file11"
(grow-root-sm) creating and checking "file12"
(grow-root-sm) creating and checking "file13"
(grow-root-sm) creating and checking "file14"
(grow-root-sm) creating and checking "file15"
(grow-root-sm) creating and checking "file16"
(grow-root-sm) creating and checking "file17"
(grow-root-sm) creating and checking "file18"
(grow-root-sm) creating and checking "file19"
(grow-root-sm) end
grow-root-sm: exit(0)
Execution of 'grow-root-sm' complete.
Timer: 108 ticks
Thread: 30 idle ticks, 35 kernel ticks, 43 user ticks
hd0:0: 0 reads, 0 writes
hd0:1: 1461 reads, 620 writes
hd1:0: 224 reads, 0 writes
hd1:1: 0 reads, 0 writes
Console: 1929 characters output
Keyboard: 0 keys pressed
Exception: 0 page faults
Powering off...
