Kernel command line: -q -f put grow-dir-lg put tar run grow-dir-lg
0 ~ 9fc00 1
100000 ~ 13e0000 1
Pintos booting with: 
	base_mem: 0x0 ~ 0x9fc00 (Usable: 639 kB)
	ext_mem: 0x100000 ~ 0x13e0000 (Usable: 19,328 kB)
Calibrating timer...  157081600 loops/s.
hd0:0: detected 353 sector (176 kB) disk, model "QEMU HARDDISK", serial "QM00001"
hd0:1: detected 4,032 sector (1 MB) disk, model "QEMU HARDDISK", serial "QM00002"
hd1:0: detected 224 sector (112 kB) disk, model "QEMU HARDDISK", serial "QM00003"
hd1:1: detected 8,064 sector (3 MB) disk, model "QEMU HARDDISK", serial "QM00004"
Formatting file system...done.
Boot complete.
Putting 'grow-dir-lg' into the file system...
Putting 'tar' into the file system...
Executing 'grow-dir-lg':
(grow-dir-lg) begin
(grow-dir-lg) mkdir /x
(grow-dir-lg) creating and checking "/x/file0"
(grow-dir-lg) creating and checking "/x/file1"
(grow-dir-lg) creating and checking "/x/file2"
(grow-dir-lg) creating and checking "/x/file3"
(grow-dir-lg) creating and checking "/x/file4"
(grow-dir-lg) creating and checking "/x/file5"
(grow-dir-lg) creating and checking "/x/file6"
(grow-dir-lg) creating and checking "/x/file7"
(grow-dir-lg) creating and checking "/x/file8"
(grow-dir-lg) creating and checking "/x/file9"
(grow-dir-lg) creating and checking "/x/file10"
(grow-dir-lg) creating and checking "/x/file11"
(grow-dir-lg) creating and checking "/x/file12"
(grow-dir-lg) creating and checking "/x/file13"
(grow-dir-lg) creating and checking "/x/file14"
(grow-dir-lg) creating and checking "/x/file15"
(grow-dir-lg) creating and checking "/x/file16"
(grow-dir-lg) creating and checking "/x/file17"
(grow-dir-lg) creating and checking "/x/file18"
(grow-dir-lg) creating and checking "/x/file19"
(grow-dir-lg) creating and checking "/x/file20"
(grow-dir-lg) creating and checking "/x/file21"
(grow-dir-lg) creating and checking "/x/file22"
(grow-dir-lg) creating and checking "/x/file23"
(grow-dir-lg) creating and checking "/x/file24"
(grow-dir-lg) creating and checking "/x/file25"
(grow-dir-lg) creating and checking "/x/file26"
(grow-dir-lg) creating and checking "/x/file27"
(grow-dir-lg) creating and checking "/x/file28"
(grow-dir-lg) creating and checking "/x/file29"
(grow-dir-lg) creating and checking "/x/file30"
(grow-dir-lg) creating and checking "/x/file31"
(grow-dir-lg) creating and checking "/x/file32"
(grow-dir-lg) creating and checking "/x/file33"
(grow-dir-lg) creating and checking "/x/file34"
(grow-dir-lg) creating and checking "/x/file35"
(grow-dir-lg) creating and checking "/x/file36"
(grow-dir-lg) creating and checking "/x/file37"
(grow-dir-lg) creating and checking "/x/file38"
(grow-dir-lg) creating and checking "/x/file39"
(grow-dir-lg) creating and checking "/x/file40"
(grow-dir-lg) creating and checking "/x/file41"
(grow-dir-lg) creating and checking "/x/file42"
(grow-dir-lg) creating and checking "/x/file43"
(grow-dir-lg) creating and checking "/x/file44"
(grow-dir-lg) creating and checking "/x/file45"
(grow-dir-lg) creating and checking "/x/file46"
(grow-dir-lg) creating and checking "/x/file47"
(grow-dir-lg) creating and checking "/x/file48"
(grow-dir-lg) creating and checking "/x/file49"
(grow-dir-lg) end
grow-dir-lg: exit(0)
Execution of 'grow-dir-lg' complete.
Timer: 268 ticks
Thread: 30 idle ticks, 35 kernel ticks, 203 user ticks
hd0:0: 0 reads, 0 writes
hd0:1: 6965 reads, 927 writes
hd1:0: 224 reads, 0 writes
hd1:1: 0 reads, 0 writes
Console: 3425 characters output
Keyboard: 0 keys pressed
Exception: 0 page faults
Powering off...
