Kernel command line: -q -f put grow-root-lg put tar run grow-root-lg
0 ~ 9fc00 1
100000 ~ 13e0000 1
Pintos booting with: 
	base_mem: 0x0 ~ 0x9fc00 (Usable: 639 kB)
	ext_mem: 0x100000 ~ 0x13e0000 (Usable: 19,328 kB)
Calibrating timer...  157081600 loops/s.
hd0:0: detected 353 sector (176 kB) disk, model "QEMU HARDDISK", serial "QM00001"
hd0:1: detected 4,032 sector (1 MB) disk, model "QEMU HARDDISK", serial "QM00002"
hd1:0: detected 224 sector (112 kB) disk, model "QEMU HARDDISK", serial "QM00003"
hd1:1: detected 8,064 sector (3 MB) disk, model "QEMU HARDDISK", serial "QM00004"
Formatting file system...done.
Boot complete.
Putting 'grow-root-lg' into the file system...
Putting 'tar' into the file system...
Executing 'grow-root-lg':
(grow-root-lg) begin
(grow-root-lg) creating and checking "file0"
(grow-root-lg) creating and checking "file1"
(grow-root-lg) creating and checking "file2"
(grow-root-lg) creating and checking "file3"
(grow-root-lg) creating and checking "file4"
(grow-root-lg) creating and checking "file5"
(grow-root-lg) creating and checking "file6"
(grow-root-lg) creating and checking "file7"
(grow-root-lg) creating and checking "file8"
(grow-root-lg) creating and checking "file9"
(grow-root-lg) creating and checking "file10"
(grow-root-lg) creating and checking "file11"
(grow-root-lg) creating and checking "file12"
(grow-root-lg) creating and checking "file13"
(grow-root-lg) creating and checking "file14"
(grow-root-lg) creating and checking "file15"
(grow-root-lg) creating and checking "file16"
(grow-root-lg) creating and checking "file17"
(grow-root-lg) creating and checking "file18"
(grow-root-lg) creating and checking "file19"
(grow-root-lg) creating and checking "file20"
(grow-root-lg) creating and checking "file21"
(grow-root-lg) creating and checking "file22"
(grow-root-lg) creating and checking "file23"
(grow-root-lg) creating and checking "file24"
(grow-root-lg) creating and checking "file25"
(grow-root-lg) creating and checking "file26"
(grow-root-lg) creating and checking "file27"
(grow-root-lg) creating and checking "file28"
(grow-root-lg) creating and checking "file29"
(grow-root-lg) creating and checking "file30"
(grow-root-lg) creating and checking "file31"
(grow-root-lg) creating and checking "file32"
(grow-root-lg) creating and checking "file33"
(grow-root-lg) creating and checking "file34"
(grow-root-lg) creating and checking "file35"
(grow-root-lg) creating and checking "file36"
(grow-root-lg) creating and checking "file37"
(grow-root-lg) creating and checking "file38"
(grow-root-lg) creating and checking "file39"
(grow-root-lg) creating and checking "file40"
(grow-root-lg) creating and checking "file41"
(grow-root-lg) creating and checking "file42"
(grow-root-lg) creating and checking "file43"
(grow-root-lg) creating and checking "file44"
(grow-root-lg) creating and checking "file45"
(grow-root-lg) creating and checking "file46"
(grow-root-lg) creating and checking "file47"
(grow-root-lg) creating and checking "file48"
(grow-root-lg) creating and checking "file49"
(grow-root-lg) end
grow-root-lg: exit(0)
Execution of 'grow-root-lg' complete.
Timer: 253 ticks
Thread: 30 idle ticks, 37 kernel ticks, 186 user ticks
hd0:0: 0 reads, 0 writes
hd0:1: 6387 reads, 772 writes
hd1:0: 224 reads, 0 writes
hd1:1: 0 reads, 0 writes
Console: 3310 characters output
Keyboard: 0 keys pressed
Exception: 0 page faults
Powering off...
