Kernel command line: -q -f put grow-tell put tar run grow-tell
0 ~ 9fc00 1
100000 ~ 13e0000 1
Pintos booting with: 
	base_mem: 0x0 ~ 0x9fc00 (Usable: 639 kB)
	ext_mem: 0x100000 ~ 0x13e0000 (Usable: 19,328 kB)
Calibrating timer...  157081600 loops/s.
hd0:0: detected 353 sector (176 kB) disk, model "QEMU HARDDISK", serial "QM00001"
hd0:1: detected 4,032 sector (1 MB) disk, model "QEMU HARDDISK", serial "QM00002"
hd1:0: detected 224 sector (112 kB) disk, model "QEMU HARDDISK", serial "QM00003"
hd1:1: detected 8,064 sector (3 MB) disk, model "QEMU HARDDISK", serial "QM00004"
Formatting file system...done.
Boot complete.
Putting 'grow-tell' into the file system...
Putting 'tar' into the file system...
Executing 'grow-tell':
(grow-tell) begin
(grow-tell) create "foobar"
(grow-tell) open "foobar"
(grow-tell) writing "foobar"
(grow-tell) close "foobar"
(grow-tell) open "foobar" for verification
(grow-tell) verified contents of "foobar"
(grow-tell) close "foobar"
(grow-tell) end
grow-tell: exit(0)
Execution of 'grow-tell' complete.
Timer: 72 ticks
Thread: 30 idle ticks, 33 kernel ticks, 9 user ticks
hd0:0: 0 reads, 0 writes
hd0:1: 272 reads, 586 writes
hd1:0: 224 reads, 0 writes
hd1:1: 0 reads, 0 writes
Console: 1214 characters output
Keyboard: 0 keys pressed
Exception: 0 page faults
Powering off...
