Kernel command line: -q -f put grow-seq-lg put tar run grow-seq-lg
0 ~ 9fc00 1
100000 ~ 13e0000 1
Pintos booting with: 
	base_mem: 0x0 ~ 0x9fc00 (Usable: 639 kB)
	ext_mem: 0x100000 ~ 0x13e0000 (Usable: 19,328 kB)
Calibrating timer...  104755200 loops/s.
hd0:0: detected 353 sector (176 kB) disk, model "QEMU HARDDISK", serial "QM00001"
hd0:1: detected 4,032 sector (1 MB) disk, model "QEMU HARDDISK", serial "QM00002"
hd1:0: detected 223 sector (111 kB) disk, model "QEMU HARDDISK", serial "QM00003"
hd1:1: detected 8,064 sector (3 MB) disk, model "QEMU HARDDISK", serial "QM00004"
Formatting file system...done.
Boot complete.
Putting 'grow-seq-lg' into the file system...
Putting 'tar' into the file system...
Executing 'grow-seq-lg':
(grow-seq-lg) begin
(grow-seq-lg) create "testme"
(grow-seq-lg) open "testme"
(grow-seq-lg) writing "testme"
(grow-seq-lg) close "testme"
(grow-seq-lg) open "testme" for verification
(grow-seq-lg) verified contents of "testme"
(grow-seq-lg) close "testme"
(grow-seq-lg) end
grow-seq-lg: exit(0)
Execution of 'grow-seq-lg' complete.
Timer: 75 ticks
Thread: 30 idle ticks, 32 kernel ticks, 13 user ticks
hd0:0: 0 reads, 0 writes
hd0:1: 466 reads, 724 writes
hd1:0: 223 reads, 0 writes
hd1:1: 0 reads, 0 writes
Console: 1245 characters output
Keyboard: 0 keys pressed
Exception: 0 page faults
Powering off...
