Kernel command line: -q -f put grow-sparse put tar run grow-sparse
0 ~ 9fc00 1
100000 ~ 13e0000 1
Pintos booting with: 
	base_mem: 0x0 ~ 0x9fc00 (Usable: 639 kB)
	ext_mem: 0x100000 ~ 0x13e0000 (Usable: 19,328 kB)
Calibrating timer...  157081600 loops/s.
hd0:0: detected 353 sector (176 kB) disk, model "QEMU HARDDISK", serial "QM00001"
hd0:1: detected 4,032 sector (1 MB) disk, model "QEMU HARDDISK", serial "QM00002"
hd1:0: detected 224 sector (112 kB) disk, model "QEMU HARDDISK", serial "QM00003"
hd1:1: detected 8,064 sector (3 MB) disk, model "QEMU HARDDISK", serial "QM00004"
Formatting file system...done.
Boot complete.
Putting 'grow-sparse' into the file system...
Putting 'tar' into the file system...
Executing 'grow-sparse':
(grow-sparse) begin
(grow-sparse) create "testfile"
(grow-sparse) open "testfile"
(grow-sparse) seek "testfile"
(grow-sparse) write "testfile"
(grow-sparse) close "testfile"
(grow-sparse) open "testfile" for verification
(grow-sparse) verified contents of "testfile"
(grow-sparse) close "testfile"
(grow-sparse) end
grow-sparse: exit(0)
Execution of 'grow-sparse' complete.
Timer: 73 ticks
Thread: 30 idle ticks, 34 kernel ticks, 9 user ticks
hd0:0: 0 reads, 0 writes
hd0:1: 356 reads, 525 writes
hd1:0: 224 reads, 0 writes
hd1:1: 0 reads, 0 writes
Console: 1286 characters output
Keyboard: 0 keys pressed
Exception: 0 page faults
Powering off...
