Kernel command line: -q -f put grow-two-files put tar run grow-two-files
0 ~ 9fc00 1
100000 ~ 13e0000 1
Pintos booting with: 
	base_mem: 0x0 ~ 0x9fc00 (Usable: 639 kB)
	ext_mem: 0x100000 ~ 0x13e0000 (Usable: 19,328 kB)
Calibrating timer...  157081600 loops/s.
hd0:0: detected 353 sector (176 kB) disk, model "QEMU HARDDISK", serial "QM00001"
hd0:1: detected 4,032 sector (1 MB) disk, model "QEMU HARDDISK", serial "QM00002"
hd1:0: detected 227 sector (113 kB) disk, model "QEMU HARDDISK", serial "QM00003"
hd1:1: detected 8,064 sector (3 MB) disk, model "QEMU HARDDISK", serial "QM00004"
Formatting file system...done.
Boot complete.
Putting 'grow-two-files' into the file system...
Putting 'tar' into the file system...
Executing 'grow-two-files':
(grow-two-files) begin
(grow-two-files) create "a"
(grow-two-files) create "b"
(grow-two-files) open "a"
(grow-two-files) open "b"
(grow-two-files) write "a" and "b" alternately
(grow-two-files) close "a"
(grow-two-files) close "b"
(grow-two-files) open "a" for verification
(grow-two-files) verified contents of "a"
(grow-two-files) close "a"
(grow-two-files) open "b" for verification
(grow-two-files) verified contents of "b"
(grow-two-files) close "b"
(grow-two-files) end
grow-two-files: exit(0)
Execution of 'grow-two-files' complete.
Timer: 76 ticks
Thread: 30 idle ticks, 36 kernel ticks, 11 user ticks
hd0:0: 0 reads, 0 writes
hd0:1: 337 reads, 601 writes
hd1:0: 227 reads, 0 writes
hd1:1: 0 reads, 0 writes
Console: 1466 characters output
Keyboard: 0 keys pressed
Exception: 0 page faults
Powering off...
