Kernel command line: -q -f put symlink-dir put tar run symlink-dir
0 ~ 9fc00 1
100000 ~ 13e0000 1
Pintos booting with: 
	base_mem: 0x0 ~ 0x9fc00 (Usable: 639 kB)
	ext_mem: 0x100000 ~ 0x13e0000 (Usable: 19,328 kB)
Calibrating timer...  157081600 loops/s.
hd0:0: detected 353 sector (176 kB) disk, model "QEMU HARDDISK", serial "QM00001"
hd0:1: detected 4,032 sector (1 MB) disk, model "QEMU HARDDISK", serial "QM00002"
hd1:0: detected 226 sector (113 kB) disk, model "QEMU HARDDISK", serial "QM00003"
hd1:1: detected 8,064 sector (3 MB) disk, model "QEMU HARDDISK", serial "QM00004"
Formatting file system...done.
Boot complete.
Putting 'symlink-dir' into the file system...
Putting 'tar' into the file system...
Executing 'symlink-dir':
(symlink-dir) begin
(symlink-dir) mkdir "/a"
(symlink-dir) mkdir "a/b"
(symlink-dir) create symlink "a/link_b"
(symlink-dir) create "a/link_b/file"
(symlink-dir) open "file"
(symlink-dir) write "file"
(symlink-dir) close "file"
(symlink-dir) open "a/b/file" for verification
(symlink-dir) verified contents of "a/b/file"
(symlink-dir) close "a/b/file"
(symlink-dir) end
symlink-dir: exit(0)
Execution of 'symlink-dir' complete.
Timer: 82 ticks
Thread: 30 idle ticks, 34 kernel ticks, 18 user ticks
hd0:0: 0 reads, 0 writes
hd0:1: 582 reads, 707 writes
hd1:0: 226 reads, 0 writes
hd1:1: 0 reads, 0 writes
Console: 1341 characters output
Keyboard: 0 keys pressed
Exception: 0 page faults
Powering off...
