Kernel command line: -q -f put syn-rw put tar put child-syn-rw run syn-rw
0 ~ 9fc00 1
100000 ~ 13e0000 1
Pintos booting with: 
	base_mem: 0x0 ~ 0x9fc00 (Usable: 639 kB)
	ext_mem: 0x100000 ~ 0x13e0000 (Usable: 19,328 kB)
Calibrating timer...  157081600 loops/s.
hd0:0: detected 353 sector (176 kB) disk, model "QEMU HARDDISK", serial "QM00001"
hd0:1: detected 4,032 sector (1 MB) disk, model "QEMU HARDDISK", serial "QM00002"
hd1:0: detected 343 sector (171 kB) disk, model "QEMU HARDDISK", serial "QM00003"
hd1:1: detected 8,064 sector (3 MB) disk, model "QEMU HARDDISK", serial "QM00004"
Formatting file system...done.
Boot complete.
Putting 'syn-rw' into the file system...
Putting 'tar' into the file system...
Putting 'child-syn-rw' into the file system...
Executing 'syn-rw':
(syn-rw) begin
(syn-rw) create "logfile"
(syn-rw) open "logfile"
(syn-rw) exec child 1 of 4: "child-syn-rw 0"
(syn-rw) exec child 2 of 4: "child-syn-rw 1"
(syn-rw) exec child 3 of 4: "child-syn-rw 2"
(syn-rw) exec child 4 of 4: "child-syn-rw 3"
child-syn-rw: exit(3)
child-syn-rw: exit(2)
child-syn-rw: exit(1)
child-syn-rw: exit(0)
(syn-rw) wait for child 1 of 4 returned 0 (expected 0)
(syn-rw) wait for child 2 of 4 returned 1 (expected 1)
(syn-rw) wait for child 3 of 4 returned 2 (expected 2)
(syn-rw) wait for child 4 of 4 returned 3 (expected 3)
(syn-rw) end
syn-rw: exit(0)
Execution of 'syn-rw' complete.
Timer: 178 ticks
Thread: 30 idle ticks, 41 kernel ticks, 107 user ticks
hd0:0: 0 reads, 0 writes
hd0:1: 1019 reads, 1274 writes
hd1:0: 343 reads, 0 writes
hd1:1: 0 reads, 0 writes
Console: 1575 characters output
Keyboard: 0 keys pressed
Exception: 0 page faults
Powering off...
